{"name":"Buy a movie ticket","id":"buy-movie-ticket-in-procinal;buy-a-movie-ticket","testSteps":[{"number":1,"description":"Given that Ana selected a movie","duration":25109,"startTime":"2018-11-22T00:38:23.039-05:00[America/Bogota]","screenshots":[{"screenshot":"d95544a0d8534fecee17758de21261c9e4ec6601ae1e068d638d17577b02f4e4.png"}],"result":"SUCCESS","precondition":false,"children":[{"number":2,"description":"Ana opens the Procinal selected movie page","duration":23749,"startTime":"2018-11-22T00:38:23.952-05:00[America/Bogota]","screenshots":[{"screenshot":"d95544a0d8534fecee17758de21261c9e4ec6601ae1e068d638d17577b02f4e4.png"}],"result":"SUCCESS","precondition":false}]},{"number":3,"description":"When she checks for a date","duration":11236,"startTime":"2018-11-22T00:38:48.148-05:00[America/Bogota]","screenshots":[{"screenshot":"d95544a0d8534fecee17758de21261c9e4ec6601ae1e068d638d17577b02f4e4.png"}],"exception":{"errorType":"net.thucydides.core.webdriver.exceptions.ElementShouldBeEnabledException","message":"Expected enabled element was not enabled","stackTrace":[{"declaringClass":"com.procinal.certification.cinema.tasks.Check","methodName":"performAs","fileName":"Check.java","lineNumber":17},{"declaringClass":"com.procinal.certification.cinema.stepdefinitions.BuyMovieProcinalStepDefinition","methodName":"sheChecksForADate","fileName":"BuyMovieProcinalStepDefinition.java","lineNumber":41},{"declaringClass":"cucumber.runner.Runner","methodName":"runPickle","fileName":"Runner.java","lineNumber":80},{"declaringClass":"org.eclipse.jdt.internal.junit4.runner.JUnit4TestReference","methodName":"run","fileName":"JUnit4TestReference.java","lineNumber":86},{"declaringClass":"org.eclipse.jdt.internal.junit.runner.TestExecution","methodName":"run","fileName":"TestExecution.java","lineNumber":38},{"declaringClass":"org.eclipse.jdt.internal.junit.runner.RemoteTestRunner","methodName":"runTests","fileName":"RemoteTestRunner.java","lineNumber":538},{"declaringClass":"org.eclipse.jdt.internal.junit.runner.RemoteTestRunner","methodName":"runTests","fileName":"RemoteTestRunner.java","lineNumber":760},{"declaringClass":"org.eclipse.jdt.internal.junit.runner.RemoteTestRunner","methodName":"run","fileName":"RemoteTestRunner.java","lineNumber":460},{"declaringClass":"org.eclipse.jdt.internal.junit.runner.RemoteTestRunner","methodName":"main","fileName":"RemoteTestRunner.java","lineNumber":206}],"rootCause":{"errorType":"org.openqa.selenium.TimeoutException","message":"Expected condition failed: waiting for By.xpath: //table[@id\u003d\u0027date-3787_table\u0027]//div[@class\u003d\u0027picker__day picker__day--infocus picker__day--highlighted\u0027] to be enabled (tried for 5 second(s) with 100 milliseconds interval)","stackTrace":[{"declaringClass":"com.procinal.certification.cinema.tasks.Check","methodName":"performAs","fileName":"Check.java","lineNumber":17},{"declaringClass":"com.procinal.certification.cinema.stepdefinitions.BuyMovieProcinalStepDefinition","methodName":"sheChecksForADate","fileName":"BuyMovieProcinalStepDefinition.java","lineNumber":41},{"declaringClass":"cucumber.runner.Runner","methodName":"runPickle","fileName":"Runner.java","lineNumber":80},{"declaringClass":"org.eclipse.jdt.internal.junit4.runner.JUnit4TestReference","methodName":"run","fileName":"JUnit4TestReference.java","lineNumber":86},{"declaringClass":"org.eclipse.jdt.internal.junit.runner.TestExecution","methodName":"run","fileName":"TestExecution.java","lineNumber":38},{"declaringClass":"org.eclipse.jdt.internal.junit.runner.RemoteTestRunner","methodName":"runTests","fileName":"RemoteTestRunner.java","lineNumber":538},{"declaringClass":"org.eclipse.jdt.internal.junit.runner.RemoteTestRunner","methodName":"runTests","fileName":"RemoteTestRunner.java","lineNumber":760},{"declaringClass":"org.eclipse.jdt.internal.junit.runner.RemoteTestRunner","methodName":"run","fileName":"RemoteTestRunner.java","lineNumber":460},{"declaringClass":"org.eclipse.jdt.internal.junit.runner.RemoteTestRunner","methodName":"main","fileName":"RemoteTestRunner.java","lineNumber":206}],"rootCause":{"errorType":"org.openqa.selenium.NoSuchElementException","message":"no such element: Unable to locate element: {\"method\":\"xpath\",\"selector\":\"//table[@id\u003d\u0027date-3787_table\u0027]//div[@class\u003d\u0027picker__day picker__day--infocus picker__day--highlighted\u0027]\"}\n  (Session info: chrome\u003d70.0.3538.102)\n  (Driver info: chromedriver\u003d2.43.600210 (68dcf5eebde37173d4027fa8635e332711d2874a),platform\u003dWindows NT 10.0.17134 x86_64) (WARNING: The server did not provide any stacktrace information)\nCommand duration or timeout: 0 milliseconds\nFor documentation on this error, please visit: http://seleniumhq.org/exceptions/no_such_element.html\nBuild info: version: \u00273.12.0\u0027, revision: \u00277c6e0b3\u0027, time: \u00272018-05-08T14:04:26.12Z\u0027\nSystem info: host: \u0027RC-PC\u0027, ip: \u0027192.168.1.11\u0027, os.name: \u0027Windows 10\u0027, os.arch: \u0027amd64\u0027, os.version: \u002710.0\u0027, java.version: \u00271.8.0_161\u0027\nDriver info: org.openqa.selenium.remote.RemoteWebDriver\nCapabilities {acceptInsecureCerts: false, acceptSslCerts: false, applicationCacheEnabled: false, browserConnectionEnabled: false, browserName: chrome, chrome: {chromedriverVersion: 2.43.600210 (68dcf5eebde371..., userDataDir: C:\\Users\\SBMEDA~1\\AppData\\L...}, cssSelectorsEnabled: true, databaseEnabled: false, goog:chromeOptions: {debuggerAddress: localhost:53558}, handlesAlerts: true, hasTouchScreen: false, javascriptEnabled: true, locationContextEnabled: true, mobileEmulationEnabled: false, nativeEvents: true, networkConnectionEnabled: false, pageLoadStrategy: normal, platform: XP, platformName: XP, rotatable: false, setWindowRect: true, takesHeapSnapshot: true, takesScreenshot: true, unexpectedAlertBehaviour: , unhandledPromptBehavior: , version: 70.0.3538.102, webStorageEnabled: true}\nSession ID: 3c09bffa54cf2471ef6479003497139e\n*** Element info: {Using\u003dxpath, value\u003d//table[@id\u003d\u0027date-3787_table\u0027]//div[@class\u003d\u0027picker__day picker__day--infocus picker__day--highlighted\u0027]}","stackTrace":[{"declaringClass":"com.procinal.certification.cinema.tasks.Check","methodName":"performAs","fileName":"Check.java","lineNumber":17},{"declaringClass":"com.procinal.certification.cinema.stepdefinitions.BuyMovieProcinalStepDefinition","methodName":"sheChecksForADate","fileName":"BuyMovieProcinalStepDefinition.java","lineNumber":41},{"declaringClass":"cucumber.runner.Runner","methodName":"runPickle","fileName":"Runner.java","lineNumber":80},{"declaringClass":"org.eclipse.jdt.internal.junit4.runner.JUnit4TestReference","methodName":"run","fileName":"JUnit4TestReference.java","lineNumber":86},{"declaringClass":"org.eclipse.jdt.internal.junit.runner.TestExecution","methodName":"run","fileName":"TestExecution.java","lineNumber":38},{"declaringClass":"org.eclipse.jdt.internal.junit.runner.RemoteTestRunner","methodName":"runTests","fileName":"RemoteTestRunner.java","lineNumber":538},{"declaringClass":"org.eclipse.jdt.internal.junit.runner.RemoteTestRunner","methodName":"runTests","fileName":"RemoteTestRunner.java","lineNumber":760},{"declaringClass":"org.eclipse.jdt.internal.junit.runner.RemoteTestRunner","methodName":"run","fileName":"RemoteTestRunner.java","lineNumber":460},{"declaringClass":"org.eclipse.jdt.internal.junit.runner.RemoteTestRunner","methodName":"main","fileName":"RemoteTestRunner.java","lineNumber":206}]}}},"result":"FAILURE","precondition":false,"children":[{"number":4,"description":"Ana clicks on Select theater","duration":1104,"startTime":"2018-11-22T00:38:48.938-05:00[America/Bogota]","screenshots":[{"screenshot":"64a8c4b0dc94df5b38636c969cf37d0419d2a748d948d235ad0e21b78ad723c8.png"},{"screenshot":"889c47efb6bc46d968e27324c52f218f02820c28eb10ff57126137c45e434192.png"}],"result":"SUCCESS","precondition":false},{"number":5,"description":"Ana clicks on Select theater option","duration":1057,"startTime":"2018-11-22T00:38:50.045-05:00[America/Bogota]","screenshots":[{"screenshot":"89df33b83c3e1a939281b9b75bd904acf71b53e93e9b38f3aa83fbe74d7225a4.png"},{"screenshot":"5897e793b26278dfe211b1d97c9d2b0b72e47d36d3f853b030428733a6cc8b8b.png"}],"result":"SUCCESS","precondition":false},{"number":6,"description":"Ana clicks on Select date","duration":1031,"startTime":"2018-11-22T00:38:51.107-05:00[America/Bogota]","screenshots":[{"screenshot":"5897e793b26278dfe211b1d97c9d2b0b72e47d36d3f853b030428733a6cc8b8b.png"},{"screenshot":"31b79ccf4b547e16d799c7b7f7a4cb1115e951fb8aeb85ae26edbe29cdeb7825.png"}],"result":"SUCCESS","precondition":false},{"number":7,"description":"Ana clicks on Select date option","duration":7233,"startTime":"2018-11-22T00:38:52.142-05:00[America/Bogota]","screenshots":[{"screenshot":"31b79ccf4b547e16d799c7b7f7a4cb1115e951fb8aeb85ae26edbe29cdeb7825.png"},{"screenshot":"31b79ccf4b547e16d799c7b7f7a4cb1115e951fb8aeb85ae26edbe29cdeb7825.png","htmlSource":"pagesource3486296047294369512.html.txt"}],"exception":{"errorType":"net.thucydides.core.webdriver.exceptions.ElementShouldBeEnabledException","message":"Expected enabled element was not enabled","stackTrace":[{"declaringClass":"com.procinal.certification.cinema.tasks.Check","methodName":"performAs","fileName":"Check.java","lineNumber":17},{"declaringClass":"com.procinal.certification.cinema.stepdefinitions.BuyMovieProcinalStepDefinition","methodName":"sheChecksForADate","fileName":"BuyMovieProcinalStepDefinition.java","lineNumber":41},{"declaringClass":"cucumber.runner.Runner","methodName":"runPickle","fileName":"Runner.java","lineNumber":80},{"declaringClass":"org.eclipse.jdt.internal.junit4.runner.JUnit4TestReference","methodName":"run","fileName":"JUnit4TestReference.java","lineNumber":86},{"declaringClass":"org.eclipse.jdt.internal.junit.runner.TestExecution","methodName":"run","fileName":"TestExecution.java","lineNumber":38},{"declaringClass":"org.eclipse.jdt.internal.junit.runner.RemoteTestRunner","methodName":"runTests","fileName":"RemoteTestRunner.java","lineNumber":538},{"declaringClass":"org.eclipse.jdt.internal.junit.runner.RemoteTestRunner","methodName":"runTests","fileName":"RemoteTestRunner.java","lineNumber":760},{"declaringClass":"org.eclipse.jdt.internal.junit.runner.RemoteTestRunner","methodName":"run","fileName":"RemoteTestRunner.java","lineNumber":460},{"declaringClass":"org.eclipse.jdt.internal.junit.runner.RemoteTestRunner","methodName":"main","fileName":"RemoteTestRunner.java","lineNumber":206}],"rootCause":{"errorType":"org.openqa.selenium.TimeoutException","message":"Expected condition failed: waiting for By.xpath: //table[@id\u003d\u0027date-3787_table\u0027]//div[@class\u003d\u0027picker__day picker__day--infocus picker__day--highlighted\u0027] to be enabled (tried for 5 second(s) with 100 milliseconds interval)","stackTrace":[{"declaringClass":"com.procinal.certification.cinema.tasks.Check","methodName":"performAs","fileName":"Check.java","lineNumber":17},{"declaringClass":"com.procinal.certification.cinema.stepdefinitions.BuyMovieProcinalStepDefinition","methodName":"sheChecksForADate","fileName":"BuyMovieProcinalStepDefinition.java","lineNumber":41},{"declaringClass":"cucumber.runner.Runner","methodName":"runPickle","fileName":"Runner.java","lineNumber":80},{"declaringClass":"org.eclipse.jdt.internal.junit4.runner.JUnit4TestReference","methodName":"run","fileName":"JUnit4TestReference.java","lineNumber":86},{"declaringClass":"org.eclipse.jdt.internal.junit.runner.TestExecution","methodName":"run","fileName":"TestExecution.java","lineNumber":38},{"declaringClass":"org.eclipse.jdt.internal.junit.runner.RemoteTestRunner","methodName":"runTests","fileName":"RemoteTestRunner.java","lineNumber":538},{"declaringClass":"org.eclipse.jdt.internal.junit.runner.RemoteTestRunner","methodName":"runTests","fileName":"RemoteTestRunner.java","lineNumber":760},{"declaringClass":"org.eclipse.jdt.internal.junit.runner.RemoteTestRunner","methodName":"run","fileName":"RemoteTestRunner.java","lineNumber":460},{"declaringClass":"org.eclipse.jdt.internal.junit.runner.RemoteTestRunner","methodName":"main","fileName":"RemoteTestRunner.java","lineNumber":206}],"rootCause":{"errorType":"org.openqa.selenium.NoSuchElementException","message":"no such element: Unable to locate element: {\"method\":\"xpath\",\"selector\":\"//table[@id\u003d\u0027date-3787_table\u0027]//div[@class\u003d\u0027picker__day picker__day--infocus picker__day--highlighted\u0027]\"}\n  (Session info: chrome\u003d70.0.3538.102)\n  (Driver info: chromedriver\u003d2.43.600210 (68dcf5eebde37173d4027fa8635e332711d2874a),platform\u003dWindows NT 10.0.17134 x86_64) (WARNING: The server did not provide any stacktrace information)\nCommand duration or timeout: 0 milliseconds\nFor documentation on this error, please visit: http://seleniumhq.org/exceptions/no_such_element.html\nBuild info: version: \u00273.12.0\u0027, revision: \u00277c6e0b3\u0027, time: \u00272018-05-08T14:04:26.12Z\u0027\nSystem info: host: \u0027RC-PC\u0027, ip: \u0027192.168.1.11\u0027, os.name: \u0027Windows 10\u0027, os.arch: \u0027amd64\u0027, os.version: \u002710.0\u0027, java.version: \u00271.8.0_161\u0027\nDriver info: org.openqa.selenium.remote.RemoteWebDriver\nCapabilities {acceptInsecureCerts: false, acceptSslCerts: false, applicationCacheEnabled: false, browserConnectionEnabled: false, browserName: chrome, chrome: {chromedriverVersion: 2.43.600210 (68dcf5eebde371..., userDataDir: C:\\Users\\SBMEDA~1\\AppData\\L...}, cssSelectorsEnabled: true, databaseEnabled: false, goog:chromeOptions: {debuggerAddress: localhost:53558}, handlesAlerts: true, hasTouchScreen: false, javascriptEnabled: true, locationContextEnabled: true, mobileEmulationEnabled: false, nativeEvents: true, networkConnectionEnabled: false, pageLoadStrategy: normal, platform: XP, platformName: XP, rotatable: false, setWindowRect: true, takesHeapSnapshot: true, takesScreenshot: true, unexpectedAlertBehaviour: , unhandledPromptBehavior: , version: 70.0.3538.102, webStorageEnabled: true}\nSession ID: 3c09bffa54cf2471ef6479003497139e\n*** Element info: {Using\u003dxpath, value\u003d//table[@id\u003d\u0027date-3787_table\u0027]//div[@class\u003d\u0027picker__day picker__day--infocus picker__day--highlighted\u0027]}","stackTrace":[{"declaringClass":"com.procinal.certification.cinema.tasks.Check","methodName":"performAs","fileName":"Check.java","lineNumber":17},{"declaringClass":"com.procinal.certification.cinema.stepdefinitions.BuyMovieProcinalStepDefinition","methodName":"sheChecksForADate","fileName":"BuyMovieProcinalStepDefinition.java","lineNumber":41},{"declaringClass":"cucumber.runner.Runner","methodName":"runPickle","fileName":"Runner.java","lineNumber":80},{"declaringClass":"org.eclipse.jdt.internal.junit4.runner.JUnit4TestReference","methodName":"run","fileName":"JUnit4TestReference.java","lineNumber":86},{"declaringClass":"org.eclipse.jdt.internal.junit.runner.TestExecution","methodName":"run","fileName":"TestExecution.java","lineNumber":38},{"declaringClass":"org.eclipse.jdt.internal.junit.runner.RemoteTestRunner","methodName":"runTests","fileName":"RemoteTestRunner.java","lineNumber":538},{"declaringClass":"org.eclipse.jdt.internal.junit.runner.RemoteTestRunner","methodName":"runTests","fileName":"RemoteTestRunner.java","lineNumber":760},{"declaringClass":"org.eclipse.jdt.internal.junit.runner.RemoteTestRunner","methodName":"run","fileName":"RemoteTestRunner.java","lineNumber":460},{"declaringClass":"org.eclipse.jdt.internal.junit.runner.RemoteTestRunner","methodName":"main","fileName":"RemoteTestRunner.java","lineNumber":206}]}}},"result":"FAILURE","precondition":false}]},{"number":8,"description":"Perform as: Ana","duration":8,"startTime":"2018-11-22T00:38:59.388-05:00[America/Bogota]","exception":{"errorType":"net.thucydides.core.webdriver.exceptions.ElementShouldBeEnabledException","message":"Expected enabled element was not enabled","stackTrace":[{"declaringClass":"com.procinal.certification.cinema.tasks.Check","methodName":"performAs","fileName":"Check.java","lineNumber":17},{"declaringClass":"com.procinal.certification.cinema.stepdefinitions.BuyMovieProcinalStepDefinition","methodName":"sheChecksForADate","fileName":"BuyMovieProcinalStepDefinition.java","lineNumber":41},{"declaringClass":"cucumber.runner.Runner","methodName":"runPickle","fileName":"Runner.java","lineNumber":80},{"declaringClass":"org.eclipse.jdt.internal.junit4.runner.JUnit4TestReference","methodName":"run","fileName":"JUnit4TestReference.java","lineNumber":86},{"declaringClass":"org.eclipse.jdt.internal.junit.runner.TestExecution","methodName":"run","fileName":"TestExecution.java","lineNumber":38},{"declaringClass":"org.eclipse.jdt.internal.junit.runner.RemoteTestRunner","methodName":"runTests","fileName":"RemoteTestRunner.java","lineNumber":538},{"declaringClass":"org.eclipse.jdt.internal.junit.runner.RemoteTestRunner","methodName":"runTests","fileName":"RemoteTestRunner.java","lineNumber":760},{"declaringClass":"org.eclipse.jdt.internal.junit.runner.RemoteTestRunner","methodName":"run","fileName":"RemoteTestRunner.java","lineNumber":460},{"declaringClass":"org.eclipse.jdt.internal.junit.runner.RemoteTestRunner","methodName":"main","fileName":"RemoteTestRunner.java","lineNumber":206}],"rootCause":{"errorType":"org.openqa.selenium.TimeoutException","message":"Expected condition failed: waiting for By.xpath: //table[@id\u003d\u0027date-3787_table\u0027]//div[@class\u003d\u0027picker__day picker__day--infocus picker__day--highlighted\u0027] to be enabled (tried for 5 second(s) with 100 milliseconds interval)","stackTrace":[{"declaringClass":"com.procinal.certification.cinema.tasks.Check","methodName":"performAs","fileName":"Check.java","lineNumber":17},{"declaringClass":"com.procinal.certification.cinema.stepdefinitions.BuyMovieProcinalStepDefinition","methodName":"sheChecksForADate","fileName":"BuyMovieProcinalStepDefinition.java","lineNumber":41},{"declaringClass":"cucumber.runner.Runner","methodName":"runPickle","fileName":"Runner.java","lineNumber":80},{"declaringClass":"org.eclipse.jdt.internal.junit4.runner.JUnit4TestReference","methodName":"run","fileName":"JUnit4TestReference.java","lineNumber":86},{"declaringClass":"org.eclipse.jdt.internal.junit.runner.TestExecution","methodName":"run","fileName":"TestExecution.java","lineNumber":38},{"declaringClass":"org.eclipse.jdt.internal.junit.runner.RemoteTestRunner","methodName":"runTests","fileName":"RemoteTestRunner.java","lineNumber":538},{"declaringClass":"org.eclipse.jdt.internal.junit.runner.RemoteTestRunner","methodName":"runTests","fileName":"RemoteTestRunner.java","lineNumber":760},{"declaringClass":"org.eclipse.jdt.internal.junit.runner.RemoteTestRunner","methodName":"run","fileName":"RemoteTestRunner.java","lineNumber":460},{"declaringClass":"org.eclipse.jdt.internal.junit.runner.RemoteTestRunner","methodName":"main","fileName":"RemoteTestRunner.java","lineNumber":206}],"rootCause":{"errorType":"org.openqa.selenium.NoSuchElementException","message":"no such element: Unable to locate element: {\"method\":\"xpath\",\"selector\":\"//table[@id\u003d\u0027date-3787_table\u0027]//div[@class\u003d\u0027picker__day picker__day--infocus picker__day--highlighted\u0027]\"}\n  (Session info: chrome\u003d70.0.3538.102)\n  (Driver info: chromedriver\u003d2.43.600210 (68dcf5eebde37173d4027fa8635e332711d2874a),platform\u003dWindows NT 10.0.17134 x86_64) (WARNING: The server did not provide any stacktrace information)\nCommand duration or timeout: 0 milliseconds\nFor documentation on this error, please visit: http://seleniumhq.org/exceptions/no_such_element.html\nBuild info: version: \u00273.12.0\u0027, revision: \u00277c6e0b3\u0027, time: \u00272018-05-08T14:04:26.12Z\u0027\nSystem info: host: \u0027RC-PC\u0027, ip: \u0027192.168.1.11\u0027, os.name: \u0027Windows 10\u0027, os.arch: \u0027amd64\u0027, os.version: \u002710.0\u0027, java.version: \u00271.8.0_161\u0027\nDriver info: org.openqa.selenium.remote.RemoteWebDriver\nCapabilities {acceptInsecureCerts: false, acceptSslCerts: false, applicationCacheEnabled: false, browserConnectionEnabled: false, browserName: chrome, chrome: {chromedriverVersion: 2.43.600210 (68dcf5eebde371..., userDataDir: C:\\Users\\SBMEDA~1\\AppData\\L...}, cssSelectorsEnabled: true, databaseEnabled: false, goog:chromeOptions: {debuggerAddress: localhost:53558}, handlesAlerts: true, hasTouchScreen: false, javascriptEnabled: true, locationContextEnabled: true, mobileEmulationEnabled: false, nativeEvents: true, networkConnectionEnabled: false, pageLoadStrategy: normal, platform: XP, platformName: XP, rotatable: false, setWindowRect: true, takesHeapSnapshot: true, takesScreenshot: true, unexpectedAlertBehaviour: , unhandledPromptBehavior: , version: 70.0.3538.102, webStorageEnabled: true}\nSession ID: 3c09bffa54cf2471ef6479003497139e\n*** Element info: {Using\u003dxpath, value\u003d//table[@id\u003d\u0027date-3787_table\u0027]//div[@class\u003d\u0027picker__day picker__day--infocus picker__day--highlighted\u0027]}","stackTrace":[{"declaringClass":"com.procinal.certification.cinema.tasks.Check","methodName":"performAs","fileName":"Check.java","lineNumber":17},{"declaringClass":"com.procinal.certification.cinema.stepdefinitions.BuyMovieProcinalStepDefinition","methodName":"sheChecksForADate","fileName":"BuyMovieProcinalStepDefinition.java","lineNumber":41},{"declaringClass":"cucumber.runner.Runner","methodName":"runPickle","fileName":"Runner.java","lineNumber":80},{"declaringClass":"org.eclipse.jdt.internal.junit4.runner.JUnit4TestReference","methodName":"run","fileName":"JUnit4TestReference.java","lineNumber":86},{"declaringClass":"org.eclipse.jdt.internal.junit.runner.TestExecution","methodName":"run","fileName":"TestExecution.java","lineNumber":38},{"declaringClass":"org.eclipse.jdt.internal.junit.runner.RemoteTestRunner","methodName":"runTests","fileName":"RemoteTestRunner.java","lineNumber":538},{"declaringClass":"org.eclipse.jdt.internal.junit.runner.RemoteTestRunner","methodName":"runTests","fileName":"RemoteTestRunner.java","lineNumber":760},{"declaringClass":"org.eclipse.jdt.internal.junit.runner.RemoteTestRunner","methodName":"run","fileName":"RemoteTestRunner.java","lineNumber":460},{"declaringClass":"org.eclipse.jdt.internal.junit.runner.RemoteTestRunner","methodName":"main","fileName":"RemoteTestRunner.java","lineNumber":206}]}}},"result":"FAILURE","precondition":false},{"number":9,"description":"And she clicks on the buy button","duration":4,"startTime":"2018-11-22T00:38:59.408-05:00[America/Bogota]","result":"SKIPPED","precondition":false},{"number":10,"description":"Then she should see the purchase details","duration":4,"startTime":"2018-11-22T00:38:59.412-05:00[America/Bogota]","result":"SKIPPED","precondition":false}],"userStory":{"id":"buy-movie-ticket-in-procinal","storyName":"Buy Movie Ticket in Procinal","path":"src/test/resources/Buy_Movie.feature","narrative":"\tAs a web user\n\tI want to buy a movie ticket\n\tTo watch the film","type":"feature"},"featureTag":{"name":"Resources/Buy Movie Ticket in Procinal","type":"feature"},"title":"Buy a movie ticket","startTime":"2018-11-22T00:38:22.616-05:00[America/Bogota]","duration":37225,"testFailureCause":{"errorType":"net.thucydides.core.webdriver.exceptions.ElementShouldBeEnabledException","message":"Expected enabled element was not enabled","stackTrace":[{"declaringClass":"com.procinal.certification.cinema.tasks.Check","methodName":"performAs","fileName":"Check.java","lineNumber":17},{"declaringClass":"com.procinal.certification.cinema.stepdefinitions.BuyMovieProcinalStepDefinition","methodName":"sheChecksForADate","fileName":"BuyMovieProcinalStepDefinition.java","lineNumber":41},{"declaringClass":"cucumber.runner.Runner","methodName":"runPickle","fileName":"Runner.java","lineNumber":80},{"declaringClass":"org.eclipse.jdt.internal.junit4.runner.JUnit4TestReference","methodName":"run","fileName":"JUnit4TestReference.java","lineNumber":86},{"declaringClass":"org.eclipse.jdt.internal.junit.runner.TestExecution","methodName":"run","fileName":"TestExecution.java","lineNumber":38},{"declaringClass":"org.eclipse.jdt.internal.junit.runner.RemoteTestRunner","methodName":"runTests","fileName":"RemoteTestRunner.java","lineNumber":538},{"declaringClass":"org.eclipse.jdt.internal.junit.runner.RemoteTestRunner","methodName":"runTests","fileName":"RemoteTestRunner.java","lineNumber":760},{"declaringClass":"org.eclipse.jdt.internal.junit.runner.RemoteTestRunner","methodName":"run","fileName":"RemoteTestRunner.java","lineNumber":460},{"declaringClass":"org.eclipse.jdt.internal.junit.runner.RemoteTestRunner","methodName":"main","fileName":"RemoteTestRunner.java","lineNumber":206}],"rootCause":{"errorType":"org.openqa.selenium.TimeoutException","message":"Expected condition failed: waiting for By.xpath: //table[@id\u003d\u0027date-3787_table\u0027]//div[@class\u003d\u0027picker__day picker__day--infocus picker__day--highlighted\u0027] to be enabled (tried for 5 second(s) with 100 milliseconds interval)","stackTrace":[{"declaringClass":"com.procinal.certification.cinema.tasks.Check","methodName":"performAs","fileName":"Check.java","lineNumber":17},{"declaringClass":"com.procinal.certification.cinema.stepdefinitions.BuyMovieProcinalStepDefinition","methodName":"sheChecksForADate","fileName":"BuyMovieProcinalStepDefinition.java","lineNumber":41},{"declaringClass":"cucumber.runner.Runner","methodName":"runPickle","fileName":"Runner.java","lineNumber":80},{"declaringClass":"org.eclipse.jdt.internal.junit4.runner.JUnit4TestReference","methodName":"run","fileName":"JUnit4TestReference.java","lineNumber":86},{"declaringClass":"org.eclipse.jdt.internal.junit.runner.TestExecution","methodName":"run","fileName":"TestExecution.java","lineNumber":38},{"declaringClass":"org.eclipse.jdt.internal.junit.runner.RemoteTestRunner","methodName":"runTests","fileName":"RemoteTestRunner.java","lineNumber":538},{"declaringClass":"org.eclipse.jdt.internal.junit.runner.RemoteTestRunner","methodName":"runTests","fileName":"RemoteTestRunner.java","lineNumber":760},{"declaringClass":"org.eclipse.jdt.internal.junit.runner.RemoteTestRunner","methodName":"run","fileName":"RemoteTestRunner.java","lineNumber":460},{"declaringClass":"org.eclipse.jdt.internal.junit.runner.RemoteTestRunner","methodName":"main","fileName":"RemoteTestRunner.java","lineNumber":206}],"rootCause":{"errorType":"org.openqa.selenium.NoSuchElementException","message":"no such element: Unable to locate element: {\"method\":\"xpath\",\"selector\":\"//table[@id\u003d\u0027date-3787_table\u0027]//div[@class\u003d\u0027picker__day picker__day--infocus picker__day--highlighted\u0027]\"}\n  (Session info: chrome\u003d70.0.3538.102)\n  (Driver info: chromedriver\u003d2.43.600210 (68dcf5eebde37173d4027fa8635e332711d2874a),platform\u003dWindows NT 10.0.17134 x86_64) (WARNING: The server did not provide any stacktrace information)\nCommand duration or timeout: 0 milliseconds\nFor documentation on this error, please visit: http://seleniumhq.org/exceptions/no_such_element.html\nBuild info: version: \u00273.12.0\u0027, revision: \u00277c6e0b3\u0027, time: \u00272018-05-08T14:04:26.12Z\u0027\nSystem info: host: \u0027RC-PC\u0027, ip: \u0027192.168.1.11\u0027, os.name: \u0027Windows 10\u0027, os.arch: \u0027amd64\u0027, os.version: \u002710.0\u0027, java.version: \u00271.8.0_161\u0027\nDriver info: org.openqa.selenium.remote.RemoteWebDriver\nCapabilities {acceptInsecureCerts: false, acceptSslCerts: false, applicationCacheEnabled: false, browserConnectionEnabled: false, browserName: chrome, chrome: {chromedriverVersion: 2.43.600210 (68dcf5eebde371..., userDataDir: C:\\Users\\SBMEDA~1\\AppData\\L...}, cssSelectorsEnabled: true, databaseEnabled: false, goog:chromeOptions: {debuggerAddress: localhost:53558}, handlesAlerts: true, hasTouchScreen: false, javascriptEnabled: true, locationContextEnabled: true, mobileEmulationEnabled: false, nativeEvents: true, networkConnectionEnabled: false, pageLoadStrategy: normal, platform: XP, platformName: XP, rotatable: false, setWindowRect: true, takesHeapSnapshot: true, takesScreenshot: true, unexpectedAlertBehaviour: , unhandledPromptBehavior: , version: 70.0.3538.102, webStorageEnabled: true}\nSession ID: 3c09bffa54cf2471ef6479003497139e\n*** Element info: {Using\u003dxpath, value\u003d//table[@id\u003d\u0027date-3787_table\u0027]//div[@class\u003d\u0027picker__day picker__day--infocus picker__day--highlighted\u0027]}","stackTrace":[{"declaringClass":"com.procinal.certification.cinema.tasks.Check","methodName":"performAs","fileName":"Check.java","lineNumber":17},{"declaringClass":"com.procinal.certification.cinema.stepdefinitions.BuyMovieProcinalStepDefinition","methodName":"sheChecksForADate","fileName":"BuyMovieProcinalStepDefinition.java","lineNumber":41},{"declaringClass":"cucumber.runner.Runner","methodName":"runPickle","fileName":"Runner.java","lineNumber":80},{"declaringClass":"org.eclipse.jdt.internal.junit4.runner.JUnit4TestReference","methodName":"run","fileName":"JUnit4TestReference.java","lineNumber":86},{"declaringClass":"org.eclipse.jdt.internal.junit.runner.TestExecution","methodName":"run","fileName":"TestExecution.java","lineNumber":38},{"declaringClass":"org.eclipse.jdt.internal.junit.runner.RemoteTestRunner","methodName":"runTests","fileName":"RemoteTestRunner.java","lineNumber":538},{"declaringClass":"org.eclipse.jdt.internal.junit.runner.RemoteTestRunner","methodName":"runTests","fileName":"RemoteTestRunner.java","lineNumber":760},{"declaringClass":"org.eclipse.jdt.internal.junit.runner.RemoteTestRunner","methodName":"run","fileName":"RemoteTestRunner.java","lineNumber":460},{"declaringClass":"org.eclipse.jdt.internal.junit.runner.RemoteTestRunner","methodName":"main","fileName":"RemoteTestRunner.java","lineNumber":206}]}}},"testFailureClassname":"net.thucydides.core.webdriver.exceptions.ElementShouldBeEnabledException","testFailureMessage":"Expected enabled element was not enabled","testFailureSummary":"FAILURE;net.thucydides.core.webdriver.exceptions.ElementShouldBeEnabledException;Expected enabled element was not enabled;Check.java","projectKey":"","annotatedResult":"FAILURE","sessionId":"3c09bffa54cf2471ef6479003497139e","driver":"chrome","manual":false,"testSource":"Cucumber","result":"FAILURE"}